[03:20:13] [main/INFO]: Environment: authHost='https://authserver.mojang.com', accountsHost='https://api.mojang.com', sessionHost='https://sessionserver.mojang.com', servicesHost='https://api.minecraftservices.com', name='PROD'
[03:20:15] [main/INFO]: Reloading ResourceManager: Default, CavesAndCliffsHeightPack.zip, bukkit
[03:20:20] [Worker-Main-1/INFO]: Loaded 7 recipes
[03:20:25] [Server thread/INFO]: Starting minecraft server version 1.17.1
[03:20:25] [Server thread/WARN]: ****************************
[03:20:25] [Server thread/WARN]: YOU ARE RUNNING THIS SERVER AS AN ADMINISTRATIVE OR ROOT USER. THIS IS NOT ADVISED.
[03:20:25] [Server thread/WARN]: YOU ARE OPENING YOURSELF UP TO POTENTIAL RISKS WHEN DOING THIS.
[03:20:25] [Server thread/WARN]: FOR MORE INFORMATION, SEE https://madelinemiller.dev/blog/root-minecraft-server/
[03:20:25] [Server thread/WARN]: ****************************
[03:20:25] [Server thread/INFO]: Loading properties
[03:20:25] [Server thread/INFO]: This server is running Paper version git-Paper-411 (MC: 1.17.1) (Implementing API version 1.17.1-R0.1-SNAPSHOT) (Git: 6625db3 on ver/1.17.1)
[03:20:25] [Server thread/INFO]: Server Ping Player Sample Count: 12
[03:20:25] [Server thread/INFO]: Using 4 threads for Netty based IO
[03:20:26] [Server thread/INFO]: Default game type: ADVENTURE
[03:20:26] [Server thread/INFO]: Generating keypair
[03:20:26] [Server thread/INFO]: Starting Minecraft server on *:25568
[03:20:26] [Server thread/INFO]: Using epoll channel type
[03:20:26] [Server thread/INFO]: Paper: Using libdeflate (Linux x86_64) compression from Velocity.
[03:20:26] [Server thread/INFO]: Paper: Using Java cipher from Velocity.
[03:20:29] [Server thread/INFO]: [AdvancedPortals] Loading AdvancedPortals v1.0.0
[03:20:29] [Server thread/INFO]: [SetSpawn] Loading SetSpawn v4.9
[03:20:29] [Server thread/INFO]: [ViaVersion] Loading ViaVersion v5.0.3
[03:20:29] [Server thread/INFO]: [ViaVersion] ViaVersion 5.0.3 is now loaded. Registering protocol transformers and injecting...
[03:20:31] [Via-Mappingloader-0/INFO]: [ViaVersion] Loading block connection mappings ...
[03:20:32] [Via-Mappingloader-0/INFO]: [ViaVersion] Using FastUtil Long2ObjectOpenHashMap for block connections
[03:20:32] [Server thread/INFO]: [ViaBackwards] Loading translations...
[03:20:32] [Server thread/INFO]: [ViaBackwards] Registering protocols...
[03:20:33] [Server thread/INFO]: [DiscordSRV] Loading DiscordSRV v1.28.0
[03:20:33] [Server thread/INFO]: [DecentHolograms] Loading DecentHolograms v2.8.11
[03:20:33] [Server thread/INFO]: [ViaBackwards] Loading ViaBackwards v5.0.3
[03:20:33] [Server thread/INFO]: [ProtocolLib] Loading ProtocolLib v5.3.0-SNAPSHOT-726
[03:20:34] [Server thread/INFO]: [AuthMe] Loading AuthMe v5.6.0-bCUSTOM
[03:20:34] [Server thread/INFO]: [SkinsRestorer] Loading SkinsRestorer v15.4.3
[03:20:34] [Server thread/INFO]: [AuthMeVelocity] Loading AuthMeVelocity v4.0.4
[03:20:34] [Server thread/INFO]: Server permissions file permissions.yml is empty, ignoring it
[03:20:34] [Server thread/INFO]: [ProtocolLib] Enabling ProtocolLib v5.3.0-SNAPSHOT-726
[03:20:34] [Server thread/INFO]: [SkinsRestorer] Enabling SkinsRestorer v15.4.3
[03:20:35] [Server thread/WARN]: [33;1m[[32;22mSkinsRestorer[33;1m] [0;39m[33;1mYou must agree to the rules at 'commands.perSkinPermissionsConsent' in the config to use per skin permissions.[0;39m
[03:20:36] [Server thread/INFO]: [33;1m[[32;22mSkinsRestorer[33;1m] [0;39m[32;1mRunning on Minecraft [33;1m1.17.1[32;1m.[0;39m
[03:20:37] [Server thread/INFO]: [33;1m[[32;22mSkinsRestorer[33;1m] [0;39mUsing paper join listener![0;39m
[03:20:37] [Server thread/WARN]: **** SERVER IS RUNNING IN OFFLINE/INSECURE MODE!
[03:20:37] [Server thread/WARN]: The server will make no attempt to authenticate usernames. Beware.
[03:20:37] [Server thread/WARN]: While this makes the game possible to play without internet access, it also opens up the ability for hackers to connect with any username they choose.
[03:20:37] [Server thread/WARN]: To change this, set "online-mode" to "true" in the server.properties file.
[03:20:37] [Server thread/INFO]: Preparing level "world"
[03:20:37] [Server thread/INFO]: Preparing start region for dimension minecraft:overworld
[03:20:38] [Server thread/INFO]: Preparing spawn area: 0%
[03:20:38] [Server thread/INFO]: Preparing spawn area: 0%
[03:20:38] [Server thread/INFO]: Preparing spawn area: 0%
[03:20:39] [Server thread/INFO]: Preparing spawn area: 0%
[03:20:39] [Server thread/INFO]: Preparing spawn area: 2%
[03:20:39] [Server thread/INFO]: Time elapsed: 2064 ms
[03:20:39] [Server thread/INFO]: [AdvancedPortals] Enabling AdvancedPortals v1.0.0
[03:20:39] [Server thread/INFO]: [AdvancedPortals] BLOCK_PORTAL_TRAVEL found
[03:20:39] [Server thread/WARN]: [AdvancedPortals] Proxy features disabled for Advanced Portals as bungee isn't enabled on the server (spigot.yml).If you are using Paper proxies.velocity.enabled (config/paper-global.yml) or settings.velocity-support.enabled (paper.yml) may not be enabled 
[03:20:39] [Server thread/INFO]: Advanced portals have been successfully enabled!
[03:20:39] [Server thread/INFO]: [SetSpawn] Enabling SetSpawn v4.9
[03:20:39] [Server thread/INFO]: [SetSpawn] Enabled!
[03:20:39] [Server thread/INFO]: [ViaVersion] Enabling ViaVersion v5.0.3
[03:20:39] [Server thread/INFO]: [ViaVersion] ViaVersion detected server version: 1.17.1 (756)
[03:20:40] [Server thread/INFO]: [DiscordSRV] Enabling DiscordSRV v1.28.0
[03:20:40] [Server thread/INFO]: [DecentHolograms] Enabling DecentHolograms v2.8.11
[03:20:40] [Server thread/INFO]: [NBTAPI] [NBTAPI] Found Minecraft: v1_17_R1! Trying to find NMS support
[03:20:40] [Server thread/INFO]: [NBTAPI] [NBTAPI] NMS support 'MC1_17_R1' loaded!
[03:20:40] [Server thread/INFO]: [NBTAPI] [NBTAPI] Using the plugin 'DecentHolograms' to create a bStats instance!
[03:20:40] [Server thread/INFO]: [ViaBackwards] Enabling ViaBackwards v5.0.3
[03:20:40] [Server thread/INFO]: [AuthMe] Enabling AuthMe v5.6.0-bCUSTOM
[03:20:42] [Server thread/INFO]: [AuthMe] SQLite Setup finished
[03:20:42] [Server thread/INFO]: [AuthMe] No supported permissions system found! Permissions are disabled!
[03:20:42] [Server thread/INFO]: [AuthMe] AuthMe 5.6.0 build n.CUSTOM successfully enabled!
[03:20:42] [Server thread/INFO]: [AuthMeVelocity] Enabling AuthMeVelocity v4.0.4
[03:20:43] [Server thread/INFO]: [AuthMeVelocity] AuthMeVelocity enabled
[03:20:43] [DiscordSRV - Initialization/INFO]: [DiscordSRV] [JDA] Login Successful!
[03:20:43] [Server thread/INFO]: Running delayed init tasks
[03:20:43] [Server thread/INFO]: Done (17.837s)! For help, type "help"
[03:20:43] [Server thread/INFO]: Timings Reset
[03:20:43] [Craft Scheduler Thread - 3 - DecentHolograms/INFO]: [DecentHolograms] Loading holograms... 
[03:20:43] [Craft Scheduler Thread - 4 - ViaVersion/INFO]: [ViaVersion] Finished mapping loading, shutting down loader executor!
[03:20:43] [Craft Scheduler Thread - 5 - AuthMe/INFO]: [AuthMe] Downloading GEO IP database, because the old database is older than 30 days or doesn't exist
[03:20:43] [Craft Scheduler Thread - 5 - AuthMe/WARN]: [AuthMe] No MaxMind credentials found in the configuration file! GeoIp protections will be disabled.
[03:20:43] [Craft Scheduler Thread - 5 - AuthMe/INFO]: [AuthMe] There is no newer GEO IP database uploaded to MaxMind. Using the old one for now.
[03:20:43] [pool-15-thread-1/INFO]: [DiscordSRV] DiscordSRV is up-to-date. (42aad8401b73c52bb4edd11d9a73aa8a6e1619c1)
[03:20:43] [Craft Scheduler Thread - 5 - AuthMe/WARN]: [AuthMe] Could not download GeoLiteAPI database [FileNotFoundException]: plugins/AuthMe/GeoLite2-Country.mmdb (No such file or directory)
[03:20:43] [Craft Scheduler Thread - 3 - DecentHolograms/INFO]: [DecentHolograms] Loaded 9 holograms!
[03:20:43] [JDA MainWS-ReadThread/INFO]: [DiscordSRV] [JDA] Connected to WebSocket
[03:20:43] [Craft Scheduler Thread - 2 - SkinsRestorer/INFO]: [33;1m[[32;22mSkinsRestorer[33;1m] [0;39m[32;1m----------------------------------------------[0;39m
[03:20:43] [Craft Scheduler Thread - 2 - SkinsRestorer/INFO]: [33;1m[[32;22mSkinsRestorer[33;1m] [0;39m[32;1m    +==================+[0;39m
[03:20:43] [Craft Scheduler Thread - 2 - SkinsRestorer/INFO]: [33;1m[[32;22mSkinsRestorer[33;1m] [0;39m[32;1m    |   SkinsRestorer  |[0;39m
[03:20:43] [Craft Scheduler Thread - 2 - SkinsRestorer/INFO]: [33;1m[[32;22mSkinsRestorer[33;1m] [0;39m[32;1m    |------------------|[0;39m
[03:20:43] [Craft Scheduler Thread - 2 - SkinsRestorer/INFO]: [33;1m[[32;22mSkinsRestorer[33;1m] [0;39m[32;1m    |  [34;1m[4m[21mStandalone Mode[0;39m[32;1m |[0;39m
[03:20:43] [Craft Scheduler Thread - 2 - SkinsRestorer/INFO]: [33;1m[[32;22mSkinsRestorer[33;1m] [0;39m[32;1m    +==================+[0;39m
[03:20:43] [Craft Scheduler Thread - 2 - SkinsRestorer/INFO]: [33;1m[[32;22mSkinsRestorer[33;1m] [0;39m[32;1m----------------------------------------------[0;39m
[03:20:43] [Craft Scheduler Thread - 2 - SkinsRestorer/INFO]: [33;1m[[32;22mSkinsRestorer[33;1m] [0;39m[36;1m    Version: [32;1m15.4.3[0;39m
[03:20:43] [Craft Scheduler Thread - 2 - SkinsRestorer/INFO]: [33;1m[[32;22mSkinsRestorer[33;1m] [0;39m[36;1m    Commit: [32;1m4aa9140[0;39m
[03:20:43] [Craft Scheduler Thread - 2 - SkinsRestorer/INFO]: [33;1m[[32;22mSkinsRestorer[33;1m] [0;39m[32;1m    This is the latest version![0;39m
[03:20:43] [Craft Scheduler Thread - 2 - SkinsRestorer/INFO]: [33;1m[[32;22mSkinsRestorer[33;1m] [0;39m[32;1m----------------------------------------------[0;39m
[03:20:43] [Craft Scheduler Thread - 2 - SkinsRestorer/INFO]: [33;1m[[32;22mSkinsRestorer[33;1m] [0;39m[34;1mDo you have issues? Read our troubleshooting guide: [33;1mhttps://skinsrestorer.net/docs/troubleshooting[0;39m
[03:20:43] [Craft Scheduler Thread - 2 - SkinsRestorer/INFO]: [33;1m[[32;22mSkinsRestorer[33;1m] [0;39m[34;1mWant to support SkinsRestorer? Consider donating: [33;1mhttps://skinsrestorer.net/donate[0;39m
[03:20:45] [JDA MainWS-ReadThread/INFO]: [DiscordSRV] [JDA] Finished Loading!
[03:20:45] [DiscordSRV - Initialization/INFO]: [DiscordSRV] Console forwarding assigned to channel TC:consola-lobby(1285617097275080724)
[03:20:46] [DiscordSRV - JDA Callback 0/INFO]: [DiscordSRV] Cleared all pre-existing slash commands in 1/1 guilds (0 cancelled)
[03:20:50] [User Authenticator #1/INFO]: UUID of player MLsotillo is 2f5f48c6-206a-3beb-9a87-97bd8e0759c3
[03:20:50] [Server thread/INFO]: MLsotillo joined the game
[03:20:50] [Server thread/INFO]: MLsotillo[/127.0.0.1:51202] logged in with entity id 43 at ([world]-25.69999998807907, 64.0, 9.479211375260439)
[03:21:07] [Craft Scheduler Thread - 4 - AuthMe/INFO]: [AuthMe] The user MLsotillo has 2 accounts:
[03:21:07] [Craft Scheduler Thread - 4 - AuthMe/INFO]: [AuthMe] MLsotillo, sbalebona.
[03:21:07] [Craft Scheduler Thread - 4 - AuthMe/INFO]: [AuthMe] MLsotillo logged in 127.0.0.1
[03:21:12] [Server thread/WARN]: [AdvancedPortals] You do not have bungee setup correctly. Cross server destinations won't work.
[03:21:12] [Server thread/INFO]: [AdvancedPortals] Portal command: #server survival
[03:21:12] [Server thread/INFO]: Unknown command. Type "/help" for help.
[03:21:13] [Server thread/INFO]: MLsotillo lost connection: Disconnected
[03:21:13] [Server thread/INFO]: MLsotillo left the game
[03:22:06] [User Authenticator #2/INFO]: UUID of player SBalebona is 9b67f3b5-42c9-3dbc-8ae2-3981a6db2558
[03:22:06] [Server thread/INFO]: SBalebona joined the game
[03:22:06] [Server thread/INFO]: SBalebona[/127.0.0.1:58700] logged in with entity id 44 at ([world]-25.69999998807907, 64.91028071311227, 8.801362119482265)
[03:22:28] [Craft Scheduler Thread - 4 - AuthMe/INFO]: [AuthMe] The user SBalebona has 2 accounts:
[03:22:28] [Craft Scheduler Thread - 4 - AuthMe/INFO]: [AuthMe] mlsotillo, SBalebona.
[03:22:28] [Craft Scheduler Thread - 4 - AuthMe/INFO]: [AuthMe] SBalebona logged in 127.0.0.1
[03:22:31] [Server thread/WARN]: [AdvancedPortals] You do not have bungee setup correctly. Cross server destinations won't work.
[03:22:31] [Server thread/INFO]: [AdvancedPortals] Portal command: #server survival
[03:22:31] [Server thread/INFO]: Unknown command. Type "/help" for help.
[03:22:32] [User Authenticator #2/INFO]: UUID of player MLsotillo is 2f5f48c6-206a-3beb-9a87-97bd8e0759c3
[03:22:32] [Server thread/INFO]: MLsotillo joined the game
[03:22:32] [Server thread/INFO]: MLsotillo[/127.0.0.1:37568] logged in with entity id 45 at ([world]-25.69999998807907, 64.0, 9.079439343605227)
[03:22:32] [Server thread/INFO]: SBalebona lost connection: Disconnected
[03:22:32] [Server thread/INFO]: SBalebona left the game
[03:22:33] [Craft Scheduler Thread - 4 - AuthMe/INFO]: [AuthMe] The user MLsotillo has 2 accounts:
[03:22:33] [Craft Scheduler Thread - 4 - AuthMe/INFO]: [AuthMe] MLsotillo, sbalebona.
[03:22:33] [Craft Scheduler Thread - 4 - AuthMe/INFO]: [AuthMe] MLsotillo logged in 127.0.0.1
[03:22:37] [Server thread/WARN]: [AdvancedPortals] You do not have bungee setup correctly. Cross server destinations won't work.
[03:22:37] [Server thread/INFO]: [AdvancedPortals] Portal command: #server skyblock
[03:22:37] [Server thread/INFO]: Unknown command. Type "/help" for help.
[03:22:39] [Server thread/INFO]: MLsotillo lost connection: Disconnected
[03:22:39] [Server thread/INFO]: MLsotillo left the game
[03:38:22] [User Authenticator #3/INFO]: UUID of player SBalebona is 9b67f3b5-42c9-3dbc-8ae2-3981a6db2558
[03:38:22] [Server thread/INFO]: SBalebona joined the game
[03:38:22] [Server thread/INFO]: SBalebona[/127.0.0.1:45066] logged in with entity id 46 at ([world]-25.69999998807907, 64.46131338016873, 9.172879974742276)
[03:38:48] [Server thread/INFO]: SBalebona lost connection: Disconnected
[03:38:48] [Server thread/INFO]: SBalebona left the game
[04:10:33] [User Authenticator #4/INFO]: UUID of player MLsotillo is 2f5f48c6-206a-3beb-9a87-97bd8e0759c3
[04:10:33] [Server thread/INFO]: MLsotillo joined the game
[04:10:33] [Server thread/INFO]: MLsotillo[/127.0.0.1:33534] logged in with entity id 47 at ([world]-18.98739203699771, 64.0, 16.69999998807907)
[04:10:44] [Craft Scheduler Thread - 288 - AuthMe/INFO]: [AuthMe] The user MLsotillo has 2 accounts:
[04:10:44] [Craft Scheduler Thread - 288 - AuthMe/INFO]: [AuthMe] MLsotillo, sbalebona.
[04:10:44] [Craft Scheduler Thread - 288 - AuthMe/INFO]: [AuthMe] MLsotillo logged in 127.0.0.1
[04:11:20] [Server thread/INFO]: MLsotillo lost connection: Disconnected
[04:11:20] [Server thread/INFO]: MLsotillo left the game
